<?xml version="1.0" encoding="UTF-8"?>
<!-- Generated by org.testng.reporters.JUnitReportReporter -->
<testsuite hostname="LAPTOP-PS1POP1E" name="testing.FirstTestng" tests="1" failures="0" timestamp="12 Jan 2022 20:43:55 GMT" time="11.866" errors="0">
  <testcase name="verifyHomePageTitle" time="11.866" classname="testing.FirstTestng"/>
</testsuite> <!-- testing.FirstTestng -->
